**********************
Windows PowerShell transcript start
Start time: 20260408104133
Username: X-37\X-37
RunAs User: X-37\X-37
Configuration Name: 
Machine: X-37 (Microsoft Windows NT 10.0.26200.0)
Host Application: PowerShell -NoProfile -ExecutionPolicy Bypass -File C:\Users\X-37\Downloads\WindowsHealingSystem\Win11Debloat-2025.09.08\WindowsHealingSystem.ps1
Process ID: 20500
PSVersion: 5.1.26100.7920
PSEdition: Desktop
PSCompatibleVersions: 1.0, 2.0, 3.0, 4.0, 5.0, 5.1.26100.7920
BuildVersion: 10.0.26100.7920
CLRVersion: 4.0.30319.42000
WSManStackVersion: 3.0
PSRemotingProtocolVersion: 2.3
SerializationVersion: 1.1.0.1
**********************
-------------------------------------------------------------------------------------------
 WindowsHealingSystem Script - Menu (User: X-37)
-------------------------------------------------------------------------------------------
(1) Default mode: Quickly apply the recommended changes
(2) Custom mode: Manually select what changes to make
(3) App removal mode: Select & remove apps, without making other changes

(0) Show more information


